Started GET "/" for ::1 at 2017-01-21 23:26:16 -0600
  
ActiveRecord::PendingMigrationError (

Migrations are pending. To resolve this issue, run:

        bin/rails db:migrate RAILS_ENV=development

):
  
activerecord (5.0.1) lib/active_record/migration.rb:573:in `check_pending!'
activerecord (5.0.1) lib/active_record/migration.rb:549:in `call'
actionpack (5.0.1) lib/action_dispatch/middleware/callbacks.rb:38:in `block in call'
activesupport (5.0.1) lib/active_support/callbacks.rb:97:in `__run_callbacks__'
activesupport (5.0.1) lib/active_support/callbacks.rb:750:in `_run_call_callbacks'
activesupport (5.0.1) lib/active_support/callbacks.rb:90:in `run_callbacks'
actionpack (5.0.1) lib/action_dispatch/middleware/callbacks.rb:36:in `call'
actionpack (5.0.1) lib/action_dispatch/middleware/executor.rb:12:in `call'
actionpack (5.0.1) lib/action_dispatch/middleware/remote_ip.rb:79:in `call'
actionpack (5.0.1) lib/action_dispatch/middleware/debug_exceptions.rb:49:in `call'
web-console (3.4.0) lib/web_console/middleware.rb:135:in `call_app'
web-console (3.4.0) lib/web_console/middleware.rb:28:in `block in call'
web-console (3.4.0) lib/web_console/middleware.rb:18:in `catch'
web-console (3.4.0) lib/web_console/middleware.rb:18:in `call'
actionpack (5.0.1) lib/action_dispatch/middleware/show_exceptions.rb:31:in `call'
railties (5.0.1) lib/rails/rack/logger.rb:36:in `call_app'
railties (5.0.1) lib/rails/rack/logger.rb:24:in `block in call'
activesupport (5.0.1) lib/active_support/tagged_logging.rb:69:in `block in tagged'
activesupport (5.0.1) lib/active_support/tagged_logging.rb:26:in `tagged'
activesupport (5.0.1) lib/active_support/tagged_logging.rb:69:in `tagged'
railties (5.0.1) lib/rails/rack/logger.rb:24:in `call'
sprockets-rails (3.2.0) lib/sprockets/rails/quiet_assets.rb:13:in `call'
actionpack (5.0.1) lib/action_dispatch/middleware/request_id.rb:24:in `call'
rack (2.0.1) lib/rack/method_override.rb:22:in `call'
rack (2.0.1) lib/rack/runtime.rb:22:in `call'
activesupport (5.0.1) lib/active_support/cache/strategy/local_cache_middleware.rb:28:in `call'
actionpack (5.0.1) lib/action_dispatch/middleware/executor.rb:12:in `call'
actionpack (5.0.1) lib/action_dispatch/middleware/static.rb:136:in `call'
rack (2.0.1) lib/rack/sendfile.rb:111:in `call'
railties (5.0.1) lib/rails/engine.rb:522:in `call'
puma (3.6.2) lib/puma/configuration.rb:225:in `call'
puma (3.6.2) lib/puma/server.rb:578:in `handle_request'
puma (3.6.2) lib/puma/server.rb:415:in `process_client'
puma (3.6.2) lib/puma/server.rb:275:in `block in run'
puma (3.6.2) lib/puma/thread_pool.rb:116:in `block in spawn_thread'
  Rendering /Users/Mac/.rvm/gems/ruby-2.3.0/gems/actionpack-5.0.1/lib/action_dispatch/middleware/templates/rescues/diagnostics.html.erb within rescues/layout
  Rendering /Users/Mac/.rvm/gems/ruby-2.3.0/gems/actionpack-5.0.1/lib/action_dispatch/middleware/templates/rescues/_source.html.erb
  Rendered /Users/Mac/.rvm/gems/ruby-2.3.0/gems/actionpack-5.0.1/lib/action_dispatch/middleware/templates/rescues/_source.html.erb (4.1ms)
  Rendering /Users/Mac/.rvm/gems/ruby-2.3.0/gems/actionpack-5.0.1/lib/action_dispatch/middleware/templates/rescues/_trace.html.erb
  Rendered /Users/Mac/.rvm/gems/ruby-2.3.0/gems/actionpack-5.0.1/lib/action_dispatch/middleware/templates/rescues/_trace.html.erb (7.5ms)
  Rendering /Users/Mac/.rvm/gems/ruby-2.3.0/gems/actionpack-5.0.1/lib/action_dispatch/middleware/templates/rescues/_request_and_response.html.erb
  Rendered /Users/Mac/.rvm/gems/ruby-2.3.0/gems/actionpack-5.0.1/lib/action_dispatch/middleware/templates/rescues/_request_and_response.html.erb (1.4ms)
  Rendered /Users/Mac/.rvm/gems/ruby-2.3.0/gems/actionpack-5.0.1/lib/action_dispatch/middleware/templates/rescues/diagnostics.html.erb within rescues/layout (127.2ms)
  [1m[35m (2.2ms)[0m  [1m[35mCREATE TABLE "schema_migrations" ("version" varchar NOT NULL PRIMARY KEY)[0m
  [1m[35m (2.4ms)[0m  [1m[35mCREATE TABLE "ar_internal_metadata" ("key" varchar NOT NULL PRIMARY KEY, "value" varchar, "created_at" datetime NOT NULL, "updated_at" datetime NOT NULL)[0m
  [1m[36mActiveRecord::SchemaMigration Load (0.2ms)[0m  [1m[34mSELECT "schema_migrations".* FROM "schema_migrations"[0m
Migrating to CreatePosts (20170122002127)
  [1m[35m (0.1ms)[0m  [1m[36mbegin transaction[0m
  [1m[35m (0.8ms)[0m  [1m[35mCREATE TABLE "posts" ("id" INTEGER PRIMARY KEY AUTOINCREMENT NOT NULL, "title" varchar, "body" text, "created_at" datetime NOT NULL, "updated_at" datetime NOT NULL)[0m
  [1m[35mSQL (0.3ms)[0m  [1m[32mINSERT INTO "schema_migrations" ("version") VALUES (?)[0m  [["version", "20170122002127"]]
  [1m[35m (2.2ms)[0m  [1m[36mcommit transaction[0m
  [1m[36mActiveRecord::InternalMetadata Load (0.3ms)[0m  [1m[34mSELECT  "ar_internal_metadata".* FROM "ar_internal_metadata" WHERE "ar_internal_metadata"."key" = ? LIMIT ?[0m  [["key", :environment], ["LIMIT", 1]]
  [1m[35m (0.1ms)[0m  [1m[36mbegin transaction[0m
  [1m[35mSQL (0.4ms)[0m  [1m[32mINSERT INTO "ar_internal_metadata" ("key", "value", "created_at", "updated_at") VALUES (?, ?, ?, ?)[0m  [["key", "environment"], ["value", "development"], ["created_at", 2017-01-22 05:26:53 UTC], ["updated_at", 2017-01-22 05:26:53 UTC]]
  [1m[35m (2.1ms)[0m  [1m[36mcommit transaction[0m
  [1m[36mActiveRecord::SchemaMigration Load (0.3ms)[0m  [1m[34mSELECT "schema_migrations".* FROM "schema_migrations"[0m
Started GET "/" for ::1 at 2017-01-21 23:27:07 -0600
  [1m[36mActiveRecord::SchemaMigration Load (0.3ms)[0m  [1m[34mSELECT "schema_migrations".* FROM "schema_migrations"[0m
Processing by PagesController#index as HTML
  Rendering pages/index.html.erb within layouts/application
  Rendered pages/index.html.erb within layouts/application (1.8ms)
Completed 200 OK in 4276ms (Views: 4259.4ms | ActiveRecord: 0.0ms)


Started GET "/" for ::1 at 2017-01-22 00:50:32 -0600
  [1m[36mActiveRecord::SchemaMigration Load (0.3ms)[0m  [1m[34mSELECT "schema_migrations".* FROM "schema_migrations"[0m
Processing by PagesController#index as HTML
  Rendering pages/index.html.erb within layouts/application
  Rendered pages/index.html.erb within layouts/application (8.9ms)
Completed 500 Internal Server Error in 6077ms (ActiveRecord: 0.0ms)


  
ActionView::Template::Error (couldn't find file 'jquery.turbolinks' with type 'application/javascript'
Checked in these paths: 
  /Users/Mac/Documents/Rails_practices/OurDiaryApp/app/assets/config
  /Users/Mac/Documents/Rails_practices/OurDiaryApp/app/assets/images
  /Users/Mac/Documents/Rails_practices/OurDiaryApp/app/assets/javascripts
  /Users/Mac/Documents/Rails_practices/OurDiaryApp/app/assets/stylesheets
  /Users/Mac/Documents/Rails_practices/OurDiaryApp/vendor/assets/javascripts
  /Users/Mac/Documents/Rails_practices/OurDiaryApp/vendor/assets/stylesheets
  /Users/Mac/.rvm/gems/ruby-2.3.0/gems/jquery-rails-4.2.2/vendor/assets/javascripts
  /Users/Mac/.rvm/gems/ruby-2.3.0/gems/coffee-rails-4.2.1/lib/assets/javascripts
  /Users/Mac/.rvm/gems/ruby-2.3.0/gems/actioncable-5.0.1/lib/assets/compiled
  /Users/Mac/.rvm/gems/ruby-2.3.0/gems/turbolinks-source-5.0.0/lib/assets/javascripts
  /Users/Mac/.rvm/gems/ruby-2.3.0/gems/bootstrap-sass-3.3.6/assets/stylesheets
  /Users/Mac/.rvm/gems/ruby-2.3.0/gems/bootstrap-sass-3.3.6/assets/javascripts
  /Users/Mac/.rvm/gems/ruby-2.3.0/gems/bootstrap-sass-3.3.6/assets/fonts
  /Users/Mac/.rvm/gems/ruby-2.3.0/gems/bootstrap-sass-3.3.6/assets/images):
    4:     <title>OurDiaryApp</title>
    5:     <%= csrf_meta_tags %>
    6:     <meta name="viewport" content="width=device-width, initial-scale=1, maximum-scale=1">
    7:     <%= stylesheet_link_tag    'application', media: 'all', 'data-turbolinks-track': 'reload' %>
    8:     <%= javascript_include_tag 'application', 'data-turbolinks-track': 'reload' %>
    9:   </head>
   10: 
  
app/assets/javascripts/application.js:14
app/views/layouts/application.html.erb:7:in `_app_views_layouts_application_html_erb___1507295559647332347_70140566277520'
  Rendering /Users/Mac/.rvm/gems/ruby-2.3.0/gems/actionpack-5.0.1/lib/action_dispatch/middleware/templates/rescues/template_error.html.erb within rescues/layout
  Rendering /Users/Mac/.rvm/gems/ruby-2.3.0/gems/actionpack-5.0.1/lib/action_dispatch/middleware/templates/rescues/_source.html.erb
  Rendered /Users/Mac/.rvm/gems/ruby-2.3.0/gems/actionpack-5.0.1/lib/action_dispatch/middleware/templates/rescues/_source.html.erb (15.9ms)
  Rendering /Users/Mac/.rvm/gems/ruby-2.3.0/gems/actionpack-5.0.1/lib/action_dispatch/middleware/templates/rescues/_trace.html.erb
  Rendered /Users/Mac/.rvm/gems/ruby-2.3.0/gems/actionpack-5.0.1/lib/action_dispatch/middleware/templates/rescues/_trace.html.erb (3.9ms)
  Rendering /Users/Mac/.rvm/gems/ruby-2.3.0/gems/actionpack-5.0.1/lib/action_dispatch/middleware/templates/rescues/_request_and_response.html.erb
  Rendered /Users/Mac/.rvm/gems/ruby-2.3.0/gems/actionpack-5.0.1/lib/action_dispatch/middleware/templates/rescues/_request_and_response.html.erb (1.4ms)
  Rendered /Users/Mac/.rvm/gems/ruby-2.3.0/gems/actionpack-5.0.1/lib/action_dispatch/middleware/templates/rescues/template_error.html.erb within rescues/layout (111.6ms)
Started GET "/" for ::1 at 2017-01-22 00:51:21 -0600
Processing by PagesController#index as HTML
  Rendering pages/index.html.erb within layouts/application
  Rendered pages/index.html.erb within layouts/application (0.5ms)
Completed 200 OK in 724ms (Views: 721.3ms | ActiveRecord: 0.0ms)


Started GET "/" for ::1 at 2017-01-22 00:57:45 -0600
Processing by PagesController#index as HTML
  Rendering pages/index.html.erb within layouts/application
  Rendered pages/index.html.erb within layouts/application (0.4ms)
Completed 200 OK in 148ms (Views: 145.1ms | ActiveRecord: 0.0ms)


Started GET "/" for ::1 at 2017-01-22 00:58:00 -0600
Processing by PagesController#index as HTML
  Rendering pages/index.html.erb within layouts/application
  Rendered pages/index.html.erb within layouts/application (1.1ms)
Completed 200 OK in 122ms (Views: 118.6ms | ActiveRecord: 0.0ms)


Started GET "/" for ::1 at 2017-01-22 00:58:47 -0600
Processing by PagesController#index as HTML
  Rendering pages/index.html.erb within layouts/application
  Rendered pages/index.html.erb within layouts/application (0.5ms)
Completed 200 OK in 2630ms (Views: 2626.8ms | ActiveRecord: 0.0ms)


Started GET "/" for ::1 at 2017-01-22 00:58:52 -0600
Processing by PagesController#index as HTML
  Rendering pages/index.html.erb within layouts/application
  Rendered pages/index.html.erb within layouts/application (0.7ms)
Completed 200 OK in 118ms (Views: 114.1ms | ActiveRecord: 0.0ms)


Started GET "/" for ::1 at 2017-01-22 01:02:38 -0600
Processing by PagesController#index as HTML
  Rendering pages/index.html.erb within layouts/application
  Rendered pages/index.html.erb within layouts/application (0.6ms)
Completed 200 OK in 2879ms (Views: 2877.0ms | ActiveRecord: 0.0ms)


Started GET "/" for ::1 at 2017-01-22 01:02:44 -0600
Processing by PagesController#index as HTML
  Rendering pages/index.html.erb within layouts/application
  Rendered pages/index.html.erb within layouts/application (0.5ms)
Completed 200 OK in 102ms (Views: 99.6ms | ActiveRecord: 0.0ms)


Started GET "/" for ::1 at 2017-01-22 01:02:45 -0600
Processing by PagesController#index as HTML
  Rendering pages/index.html.erb within layouts/application
  Rendered pages/index.html.erb within layouts/application (0.6ms)
Completed 200 OK in 101ms (Views: 98.5ms | ActiveRecord: 0.0ms)


Started GET "/" for ::1 at 2017-01-22 01:02:46 -0600
Processing by PagesController#index as HTML
  Rendering pages/index.html.erb within layouts/application
  Rendered pages/index.html.erb within layouts/application (0.6ms)
Completed 200 OK in 113ms (Views: 110.2ms | ActiveRecord: 0.0ms)


Started GET "/" for ::1 at 2017-01-22 01:02:46 -0600
Processing by PagesController#index as HTML
  Rendering pages/index.html.erb within layouts/application
  Rendered pages/index.html.erb within layouts/application (0.5ms)
Completed 200 OK in 104ms (Views: 101.6ms | ActiveRecord: 0.0ms)


Started GET "/" for ::1 at 2017-01-22 01:02:46 -0600
Processing by PagesController#index as HTML
  Rendering pages/index.html.erb within layouts/application
  Rendered pages/index.html.erb within layouts/application (0.8ms)
Completed 200 OK in 103ms (Views: 100.5ms | ActiveRecord: 0.0ms)


Started GET "/" for ::1 at 2017-01-22 01:02:47 -0600
Processing by PagesController#index as HTML
  Rendering pages/index.html.erb within layouts/application
  Rendered pages/index.html.erb within layouts/application (0.7ms)
Completed 200 OK in 108ms (Views: 104.9ms | ActiveRecord: 0.0ms)


Started GET "/" for ::1 at 2017-01-22 01:03:15 -0600
Processing by PagesController#index as HTML
  Rendering pages/index.html.erb within layouts/application
  Rendered pages/index.html.erb within layouts/application (0.5ms)
Completed 200 OK in 102ms (Views: 98.6ms | ActiveRecord: 0.0ms)


Started GET "/" for ::1 at 2017-01-22 01:03:16 -0600
Processing by PagesController#index as HTML
  Rendering pages/index.html.erb within layouts/application
  Rendered pages/index.html.erb within layouts/application (0.6ms)
Completed 200 OK in 113ms (Views: 110.1ms | ActiveRecord: 0.0ms)


Started GET "/" for ::1 at 2017-01-22 01:03:16 -0600
Processing by PagesController#index as HTML
  Rendering pages/index.html.erb within layouts/application
  Rendered pages/index.html.erb within layouts/application (0.5ms)
Completed 200 OK in 104ms (Views: 101.8ms | ActiveRecord: 0.0ms)


Started GET "/" for ::1 at 2017-01-22 01:03:16 -0600
Processing by PagesController#index as HTML
  Rendering pages/index.html.erb within layouts/application
  Rendered pages/index.html.erb within layouts/application (0.7ms)
Completed 200 OK in 99ms (Views: 96.8ms | ActiveRecord: 0.0ms)


Started GET "/" for ::1 at 2017-01-22 01:06:24 -0600
Processing by PagesController#index as HTML
  Rendering pages/index.html.erb within layouts/application
  Rendered pages/index.html.erb within layouts/application (0.7ms)
Completed 200 OK in 2331ms (Views: 2327.7ms | ActiveRecord: 0.0ms)


Started GET "/" for ::1 at 2017-01-22 01:06:48 -0600
Processing by PagesController#index as HTML
  Rendering pages/index.html.erb within layouts/application
  Rendered pages/index.html.erb within layouts/application (0.5ms)
Completed 200 OK in 97ms (Views: 94.9ms | ActiveRecord: 0.0ms)


Started GET "/" for ::1 at 2017-01-22 01:07:18 -0600
  [1m[36mActiveRecord::SchemaMigration Load (0.3ms)[0m  [1m[34mSELECT "schema_migrations".* FROM "schema_migrations"[0m
Processing by PagesController#index as HTML
  Rendering pages/index.html.erb within layouts/application
  Rendered pages/index.html.erb within layouts/application (12.3ms)
Completed 200 OK in 1077ms (Views: 1045.0ms | ActiveRecord: 0.0ms)


Started GET "/" for ::1 at 2017-01-22 01:07:22 -0600
Processing by PagesController#index as HTML
  Rendering pages/index.html.erb within layouts/application
  Rendered pages/index.html.erb within layouts/application (0.8ms)
Completed 200 OK in 108ms (Views: 105.5ms | ActiveRecord: 0.0ms)


Started GET "/" for ::1 at 2017-01-22 01:07:23 -0600
Processing by PagesController#index as HTML
  Rendering pages/index.html.erb within layouts/application
  Rendered pages/index.html.erb within layouts/application (0.7ms)
Completed 200 OK in 103ms (Views: 100.5ms | ActiveRecord: 0.0ms)


Started GET "/" for ::1 at 2017-01-22 01:07:25 -0600
Processing by PagesController#index as HTML
  Rendering pages/index.html.erb within layouts/application
  Rendered pages/index.html.erb within layouts/application (0.6ms)
Completed 200 OK in 113ms (Views: 110.2ms | ActiveRecord: 0.0ms)


Started GET "/" for ::1 at 2017-01-22 01:07:27 -0600
Processing by PagesController#index as HTML
  Rendering pages/index.html.erb within layouts/application
  Rendered pages/index.html.erb within layouts/application (0.6ms)
Completed 200 OK in 102ms (Views: 99.9ms | ActiveRecord: 0.0ms)


Started GET "/" for ::1 at 2017-01-22 01:07:46 -0600
Processing by PagesController#index as HTML
  Rendering pages/index.html.erb within layouts/application
  Rendered pages/index.html.erb within layouts/application (0.6ms)
Completed 200 OK in 95ms (Views: 91.8ms | ActiveRecord: 0.0ms)


Started GET "/" for ::1 at 2017-01-22 01:07:48 -0600
Processing by PagesController#index as HTML
  Rendering pages/index.html.erb within layouts/application
  Rendered pages/index.html.erb within layouts/application (0.6ms)
Completed 200 OK in 105ms (Views: 102.6ms | ActiveRecord: 0.0ms)


Started GET "/" for ::1 at 2017-01-22 01:08:16 -0600
Processing by PagesController#index as HTML
  Rendering pages/index.html.erb within layouts/application
  Rendered pages/index.html.erb within layouts/application (0.4ms)
Completed 200 OK in 76ms (Views: 73.2ms | ActiveRecord: 0.0ms)


Started GET "/" for ::1 at 2017-01-22 01:08:38 -0600
Processing by PagesController#index as HTML
  Rendering pages/index.html.erb within layouts/application
  Rendered pages/index.html.erb within layouts/application (0.5ms)
Completed 200 OK in 83ms (Views: 78.9ms | ActiveRecord: 0.0ms)


Started GET "/" for ::1 at 2017-01-22 01:08:39 -0600
Processing by PagesController#index as HTML
  Rendering pages/index.html.erb within layouts/application
  Rendered pages/index.html.erb within layouts/application (0.5ms)
Completed 200 OK in 100ms (Views: 96.6ms | ActiveRecord: 0.0ms)


Started GET "/" for ::1 at 2017-01-22 01:08:41 -0600
Processing by PagesController#index as HTML
  Rendering pages/index.html.erb within layouts/application
  Rendered pages/index.html.erb within layouts/application (0.5ms)
Completed 200 OK in 89ms (Views: 87.1ms | ActiveRecord: 0.0ms)


Started GET "/" for ::1 at 2017-01-22 01:08:42 -0600
Processing by PagesController#index as HTML
  Rendering pages/index.html.erb within layouts/application
  Rendered pages/index.html.erb within layouts/application (0.6ms)
Completed 200 OK in 108ms (Views: 104.2ms | ActiveRecord: 0.0ms)


Started GET "/" for ::1 at 2017-01-22 01:08:42 -0600
Processing by PagesController#index as HTML
  Rendering pages/index.html.erb within layouts/application
  Rendered pages/index.html.erb within layouts/application (0.6ms)
Completed 200 OK in 93ms (Views: 90.6ms | ActiveRecord: 0.0ms)


Started GET "/" for ::1 at 2017-01-22 01:14:17 -0600
Processing by PagesController#index as HTML
  Rendering pages/index.html.erb within layouts/application
  Rendered pages/index.html.erb within layouts/application (0.5ms)
Completed 200 OK in 85ms (Views: 82.9ms | ActiveRecord: 0.0ms)


Started GET "/" for ::1 at 2017-01-22 01:15:44 -0600
  [1m[36mActiveRecord::SchemaMigration Load (0.3ms)[0m  [1m[34mSELECT "schema_migrations".* FROM "schema_migrations"[0m
Processing by PagesController#index as HTML
  Rendering pages/index.html.erb within layouts/application
  Rendered pages/index.html.erb within layouts/application (1.8ms)
Completed 200 OK in 528ms (Views: 507.7ms | ActiveRecord: 0.0ms)


Started GET "/" for ::1 at 2017-01-22 01:16:15 -0600
Processing by PagesController#index as HTML
  Rendering pages/index.html.erb within layouts/application
  Rendered pages/index.html.erb within layouts/application (0.5ms)
Completed 200 OK in 81ms (Views: 78.1ms | ActiveRecord: 0.0ms)


Started GET "/" for ::1 at 2017-01-22 01:16:16 -0600
Processing by PagesController#index as HTML
  Rendering pages/index.html.erb within layouts/application
  Rendered pages/index.html.erb within layouts/application (0.6ms)
Completed 200 OK in 149ms (Views: 147.4ms | ActiveRecord: 0.0ms)


Started GET "/" for ::1 at 2017-01-22 01:31:41 -0600
Processing by PagesController#index as HTML
  Rendering pages/index.html.erb within layouts/application
  Rendered pages/index.html.erb within layouts/application (0.8ms)
Completed 200 OK in 95ms (Views: 91.5ms | ActiveRecord: 0.0ms)


Started GET "/" for ::1 at 2017-01-22 01:32:15 -0600
Processing by PagesController#index as HTML
  Rendering pages/index.html.erb within layouts/application
  Rendered pages/index.html.erb within layouts/application (0.6ms)
Completed 200 OK in 179ms (Views: 177.2ms | ActiveRecord: 0.0ms)


Started GET "/" for ::1 at 2017-01-22 01:32:46 -0600
Processing by PagesController#index as HTML
  Rendering pages/index.html.erb within layouts/application
  Rendered pages/index.html.erb within layouts/application (0.6ms)
Completed 200 OK in 2577ms (Views: 2575.3ms | ActiveRecord: 0.0ms)


Started GET "/" for ::1 at 2017-01-22 09:12:55 -0600
Processing by PagesController#index as HTML
  Rendering pages/index.html.erb within layouts/application
  Rendered pages/index.html.erb within layouts/application (0.6ms)
Completed 200 OK in 404ms (Views: 401.5ms | ActiveRecord: 0.0ms)


Started GET "/" for ::1 at 2017-01-22 09:13:03 -0600
Processing by PagesController#index as HTML
  Rendering pages/index.html.erb within layouts/application
  Rendered pages/index.html.erb within layouts/application (0.8ms)
Completed 200 OK in 55ms (Views: 52.8ms | ActiveRecord: 0.0ms)


Started GET "/" for ::1 at 2017-01-22 09:13:04 -0600
Processing by PagesController#index as HTML
  Rendering pages/index.html.erb within layouts/application
  Rendered pages/index.html.erb within layouts/application (1.1ms)
Completed 200 OK in 69ms (Views: 64.9ms | ActiveRecord: 0.0ms)


Started GET "/" for ::1 at 2017-01-22 09:13:04 -0600
Processing by PagesController#index as HTML
  Rendering pages/index.html.erb within layouts/application
  Rendered pages/index.html.erb within layouts/application (0.9ms)
Completed 200 OK in 68ms (Views: 65.6ms | ActiveRecord: 0.0ms)


Started GET "/" for ::1 at 2017-01-22 09:13:04 -0600
Processing by PagesController#index as HTML
  Rendering pages/index.html.erb within layouts/application
  Rendered pages/index.html.erb within layouts/application (0.5ms)
Completed 200 OK in 66ms (Views: 63.3ms | ActiveRecord: 0.0ms)


Started GET "/" for ::1 at 2017-01-22 09:13:04 -0600
Processing by PagesController#index as HTML
  Rendering pages/index.html.erb within layouts/application
  Rendered pages/index.html.erb within layouts/application (0.5ms)
Completed 200 OK in 62ms (Views: 60.0ms | ActiveRecord: 0.0ms)


Started GET "/" for ::1 at 2017-01-22 09:15:36 -0600
Processing by PagesController#index as HTML
  Rendering pages/index.html.erb within layouts/application
  Rendered pages/index.html.erb within layouts/application (0.5ms)
Completed 200 OK in 68ms (Views: 65.8ms | ActiveRecord: 0.0ms)


Started GET "/" for ::1 at 2017-01-22 09:15:41 -0600
Processing by PagesController#index as HTML
  Rendering pages/index.html.erb within layouts/application
  Rendered pages/index.html.erb within layouts/application (0.5ms)
Completed 200 OK in 55ms (Views: 51.8ms | ActiveRecord: 0.0ms)


Started GET "/" for ::1 at 2017-01-22 09:17:01 -0600
Processing by PagesController#index as HTML
  Rendering pages/index.html.erb within layouts/application
  Rendered pages/index.html.erb within layouts/application (1.0ms)
Completed 200 OK in 84ms (Views: 80.1ms | ActiveRecord: 0.0ms)


Started GET "/" for ::1 at 2017-01-22 09:17:52 -0600
Processing by PagesController#index as HTML
  Rendering pages/index.html.erb within layouts/application
  Rendered pages/index.html.erb within layouts/application (1.3ms)
Completed 200 OK in 89ms (Views: 84.5ms | ActiveRecord: 0.0ms)


Started GET "/" for ::1 at 2017-01-22 09:17:55 -0600
Processing by PagesController#index as HTML
  Rendering pages/index.html.erb within layouts/application
  Rendered pages/index.html.erb within layouts/application (0.9ms)
Completed 200 OK in 74ms (Views: 69.8ms | ActiveRecord: 0.0ms)


Started GET "/" for ::1 at 2017-01-22 09:18:09 -0600
Processing by PagesController#index as HTML
  Rendering pages/index.html.erb within layouts/application
  Rendered pages/index.html.erb within layouts/application (0.6ms)
Completed 200 OK in 65ms (Views: 62.5ms | ActiveRecord: 0.0ms)


Started GET "/" for ::1 at 2017-01-22 09:18:46 -0600
Processing by PagesController#index as HTML
  Rendering pages/index.html.erb within layouts/application
  Rendered pages/index.html.erb within layouts/application (0.7ms)
Completed 200 OK in 66ms (Views: 63.6ms | ActiveRecord: 0.0ms)


Started GET "/" for ::1 at 2017-01-22 09:19:28 -0600
Processing by PagesController#index as HTML
  Rendering pages/index.html.erb within layouts/application
  Rendered pages/index.html.erb within layouts/application (0.5ms)
Completed 200 OK in 55ms (Views: 51.9ms | ActiveRecord: 0.0ms)


Started GET "/" for ::1 at 2017-01-22 09:20:04 -0600
Processing by PagesController#index as HTML
  Rendering pages/index.html.erb within layouts/application
  Rendered pages/index.html.erb within layouts/application (1.0ms)
Completed 200 OK in 92ms (Views: 88.2ms | ActiveRecord: 0.0ms)


Started GET "/" for ::1 at 2017-01-22 09:20:48 -0600
Processing by PagesController#index as HTML
  Rendering pages/index.html.erb within layouts/application
  Rendered pages/index.html.erb within layouts/application (0.5ms)
Completed 200 OK in 56ms (Views: 53.6ms | ActiveRecord: 0.0ms)


Started GET "/" for ::1 at 2017-01-22 09:21:07 -0600
Processing by PagesController#index as HTML
  Rendering pages/index.html.erb within layouts/application
  Rendered pages/index.html.erb within layouts/application (0.6ms)
Completed 200 OK in 71ms (Views: 67.8ms | ActiveRecord: 0.0ms)


Started GET "/" for ::1 at 2017-01-22 09:21:23 -0600
Processing by PagesController#index as HTML
  Rendering pages/index.html.erb within layouts/application
  Rendered pages/index.html.erb within layouts/application (0.7ms)
Completed 200 OK in 61ms (Views: 56.2ms | ActiveRecord: 0.0ms)


Started GET "/" for ::1 at 2017-01-22 09:23:24 -0600
Processing by PagesController#index as HTML
  Rendering pages/index.html.erb within layouts/application
  Rendered pages/index.html.erb within layouts/application (0.5ms)
  Rendered pages/_header.html.erb (0.5ms)
Completed 200 OK in 56ms (Views: 53.4ms | ActiveRecord: 0.0ms)


Started GET "/" for ::1 at 2017-01-22 09:24:49 -0600
Processing by PagesController#index as HTML
  Rendering pages/index.html.erb within layouts/application
  Rendered pages/index.html.erb within layouts/application (0.5ms)
  Rendered pages/_header.html.erb (0.9ms)
Completed 200 OK in 3144ms (Views: 3142.2ms | ActiveRecord: 0.0ms)


Started GET "/" for ::1 at 2017-01-22 09:24:54 -0600
Processing by PagesController#index as HTML
  Rendering pages/index.html.erb within layouts/application
  Rendered pages/index.html.erb within layouts/application (0.5ms)
  Rendered pages/_header.html.erb (0.9ms)
Completed 200 OK in 54ms (Views: 50.4ms | ActiveRecord: 0.0ms)


Started GET "/" for ::1 at 2017-01-22 09:24:56 -0600
Processing by PagesController#index as HTML
  Rendering pages/index.html.erb within layouts/application
  Rendered pages/index.html.erb within layouts/application (0.4ms)
  Rendered pages/_header.html.erb (0.6ms)
Completed 200 OK in 74ms (Views: 72.4ms | ActiveRecord: 0.0ms)


Started GET "/" for ::1 at 2017-01-22 09:26:25 -0600
Processing by PagesController#index as HTML
  Rendering pages/index.html.erb within layouts/application
  Rendered pages/index.html.erb within layouts/application (0.5ms)
  Rendered pages/_header.html.erb (0.8ms)
Completed 200 OK in 3386ms (Views: 3383.4ms | ActiveRecord: 0.0ms)


Started GET "/" for ::1 at 2017-01-22 09:26:58 -0600
Processing by PagesController#index as HTML
  Rendering pages/index.html.erb within layouts/application
  Rendered pages/index.html.erb within layouts/application (0.7ms)
  Rendered pages/_header.html.erb (0.9ms)
Completed 200 OK in 2667ms (Views: 2664.4ms | ActiveRecord: 0.0ms)


Started GET "/" for ::1 at 2017-01-22 09:27:10 -0600
Processing by PagesController#index as HTML
  Rendering pages/index.html.erb within layouts/application
  Rendered pages/index.html.erb within layouts/application (0.6ms)
  Rendered pages/_header.html.erb (0.6ms)
Completed 200 OK in 66ms (Views: 62.5ms | ActiveRecord: 0.0ms)


Started GET "/" for ::1 at 2017-01-22 09:27:11 -0600
Processing by PagesController#index as HTML
  Rendering pages/index.html.erb within layouts/application
  Rendered pages/index.html.erb within layouts/application (0.7ms)
  Rendered pages/_header.html.erb (0.8ms)
Completed 200 OK in 92ms (Views: 86.5ms | ActiveRecord: 0.0ms)


Started GET "/" for ::1 at 2017-01-22 09:27:11 -0600
Processing by PagesController#index as HTML
  Rendering pages/index.html.erb within layouts/application
  Rendered pages/index.html.erb within layouts/application (4.6ms)
  Rendered pages/_header.html.erb (0.9ms)
Completed 200 OK in 118ms (Views: 112.4ms | ActiveRecord: 0.0ms)


Started GET "/" for ::1 at 2017-01-22 09:27:13 -0600
Processing by PagesController#index as HTML
  Rendering pages/index.html.erb within layouts/application
  Rendered pages/index.html.erb within layouts/application (2.4ms)
  Rendered pages/_header.html.erb (0.6ms)
Completed 200 OK in 83ms (Views: 77.3ms | ActiveRecord: 0.0ms)


Started GET "/" for ::1 at 2017-01-22 09:28:22 -0600
Processing by PagesController#index as HTML
  Rendering pages/index.html.erb within layouts/application
  Rendered pages/index.html.erb within layouts/application (0.5ms)
  Rendered pages/_header.html.erb (1.0ms)
Completed 200 OK in 2602ms (Views: 2599.5ms | ActiveRecord: 0.0ms)


Started GET "/" for ::1 at 2017-01-22 09:29:02 -0600
Processing by PagesController#index as HTML
  Rendering pages/index.html.erb within layouts/application
  Rendered pages/index.html.erb within layouts/application (0.6ms)
  Rendered pages/_header.html.erb (0.8ms)
Completed 200 OK in 195ms (Views: 192.9ms | ActiveRecord: 0.0ms)


Started GET "/" for ::1 at 2017-01-22 09:29:39 -0600
Processing by PagesController#index as HTML
  Rendering pages/index.html.erb within layouts/application
  Rendered pages/index.html.erb within layouts/application (0.4ms)
  Rendered pages/_header.html.erb (0.7ms)
Completed 200 OK in 240ms (Views: 237.5ms | ActiveRecord: 0.0ms)


Started GET "/" for ::1 at 2017-01-22 09:30:04 -0600
Processing by PagesController#index as HTML
  Rendering pages/index.html.erb within layouts/application
  Rendered pages/index.html.erb within layouts/application (0.8ms)
  Rendered pages/_header.html.erb (0.5ms)
Completed 200 OK in 2932ms (Views: 2928.9ms | ActiveRecord: 0.0ms)


Started GET "/" for ::1 at 2017-01-22 12:48:54 -0600
Processing by PagesController#index as HTML
  Rendering pages/index.html.erb within layouts/application
  Rendered pages/index.html.erb within layouts/application (0.4ms)
  Rendered pages/_header.html.erb (1.0ms)
Completed 200 OK in 3622ms (Views: 3619.8ms | ActiveRecord: 0.0ms)


Started GET "/" for ::1 at 2017-01-22 12:49:02 -0600
Processing by PagesController#index as HTML
  Rendering pages/index.html.erb within layouts/application
  Rendered pages/index.html.erb within layouts/application (0.5ms)
  Rendered pages/_header.html.erb (0.6ms)
Completed 200 OK in 53ms (Views: 49.4ms | ActiveRecord: 0.0ms)


Started GET "/" for ::1 at 2017-01-22 12:58:27 -0600
Processing by PagesController#index as HTML
  Rendering pages/index.html.erb within layouts/application
  Rendered pages/index.html.erb within layouts/application (0.5ms)
  Rendered pages/_header.html.erb (0.6ms)
Completed 200 OK in 2890ms (Views: 2887.4ms | ActiveRecord: 0.0ms)


Started GET "/" for ::1 at 2017-01-22 13:01:07 -0600
  [1m[36mActiveRecord::SchemaMigration Load (0.3ms)[0m  [1m[34mSELECT "schema_migrations".* FROM "schema_migrations"[0m
Processing by PagesController#index as HTML
  Rendering pages/index.html.erb within layouts/application
  Rendered pages/index.html.erb within layouts/application (8.7ms)
  Rendered pages/_header.html.erb (0.5ms)
Completed 200 OK in 1148ms (Views: 1106.6ms | ActiveRecord: 0.0ms)


Started GET "/" for ::1 at 2017-01-22 13:01:20 -0600
Processing by PagesController#index as HTML
  Rendering pages/index.html.erb within layouts/application
  Rendered pages/index.html.erb within layouts/application (0.6ms)
  Rendered pages/_header.html.erb (1.1ms)
Completed 200 OK in 104ms (Views: 101.2ms | ActiveRecord: 0.0ms)


Started GET "/posts/new" for ::1 at 2017-01-22 13:01:23 -0600
Processing by PostsController#new as HTML
  Rendering posts/new.html.erb within layouts/application
  Rendered posts/_form.html.erb (140.9ms)
  Rendered posts/new.html.erb within layouts/application (144.5ms)
  Rendered pages/_header.html.erb (0.9ms)
Completed 200 OK in 238ms (Views: 208.0ms | ActiveRecord: 1.1ms)


Started GET "/posts/new" for ::1 at 2017-01-22 13:02:25 -0600
Processing by PostsController#new as HTML
  Rendering posts/new.html.erb within layouts/application
  Rendered posts/_form.html.erb (3.3ms)
  Rendered posts/new.html.erb within layouts/application (5.9ms)
  Rendered pages/_header.html.erb (1.4ms)
Completed 200 OK in 97ms (Views: 94.7ms | ActiveRecord: 0.0ms)


Started GET "/posts/new" for ::1 at 2017-01-22 13:08:04 -0600
Processing by PostsController#new as HTML
  Rendering posts/new.html.erb within layouts/application
  Rendered posts/_form.html.erb (5.1ms)
  Rendered posts/new.html.erb within layouts/application (8.7ms)
  Rendered pages/_header.html.erb (1.4ms)
Completed 200 OK in 90ms (Views: 87.2ms | ActiveRecord: 0.0ms)


Started GET "/posts/new" for ::1 at 2017-01-22 13:08:27 -0600
Processing by PostsController#new as HTML
  Rendering posts/new.html.erb within layouts/application
  Rendered posts/_form.html.erb (3.1ms)
  Rendered posts/new.html.erb within layouts/application (7.0ms)
  Rendered pages/_header.html.erb (0.8ms)
Completed 200 OK in 69ms (Views: 66.9ms | ActiveRecord: 0.0ms)


Started GET "/posts/new" for ::1 at 2017-01-22 13:09:18 -0600
Processing by PostsController#new as HTML
  Rendering posts/new.html.erb within layouts/application
  Rendered posts/_form.html.erb (3.3ms)
  Rendered posts/new.html.erb within layouts/application (6.5ms)
  Rendered pages/_header.html.erb (0.9ms)
Completed 200 OK in 75ms (Views: 70.7ms | ActiveRecord: 0.0ms)


Started GET "/posts" for ::1 at 2017-01-22 13:09:41 -0600
Processing by PostsController#index as HTML
  Rendering posts/index.html.erb within layouts/application
  [1m[36mPost Load (15.1ms)[0m  [1m[34mSELECT "posts".* FROM "posts"[0m
  Rendered posts/index.html.erb within layouts/application (19.3ms)
  Rendered pages/_header.html.erb (0.9ms)
Completed 200 OK in 109ms (Views: 88.5ms | ActiveRecord: 15.1ms)


Started GET "/posts/new" for ::1 at 2017-01-22 13:09:45 -0600
Processing by PostsController#new as HTML
  Rendering posts/new.html.erb within layouts/application
  Rendered posts/_form.html.erb (6.4ms)
  Rendered posts/new.html.erb within layouts/application (11.8ms)
  Rendered pages/_header.html.erb (0.7ms)
Completed 200 OK in 86ms (Views: 81.6ms | ActiveRecord: 0.0ms)


Started GET "/posts/new" for ::1 at 2017-01-22 13:10:34 -0600
Processing by PostsController#new as HTML
  Rendering posts/new.html.erb within layouts/application
  Rendered posts/_form.html.erb (2.6ms)
  Rendered posts/new.html.erb within layouts/application (5.3ms)
Completed 500 Internal Server Error in 16ms (ActiveRecord: 0.0ms)


  
SyntaxError (/Users/Mac/Documents/Rails_practices/OurDiaryApp/app/views/posts/_form.html.erb:25: syntax error, unexpected tLABEL, expecting '='
...ffer.append=( f.submit , class:"btn btn-md btn-primary" );@o...
...                               ^):
  
app/views/posts/_form.html.erb:25: syntax error, unexpected tLABEL, expecting '='
app/views/posts/new.html.erb:3:in `_app_views_posts_new_html_erb__1437683933426656541_70233386214680'
  Rendering /Users/Mac/.rvm/gems/ruby-2.3.0/gems/actionpack-5.0.1/lib/action_dispatch/middleware/templates/rescues/diagnostics.html.erb within rescues/layout
  Rendering /Users/Mac/.rvm/gems/ruby-2.3.0/gems/actionpack-5.0.1/lib/action_dispatch/middleware/templates/rescues/_source.html.erb
  Rendered /Users/Mac/.rvm/gems/ruby-2.3.0/gems/actionpack-5.0.1/lib/action_dispatch/middleware/templates/rescues/_source.html.erb (9.8ms)
  Rendering /Users/Mac/.rvm/gems/ruby-2.3.0/gems/actionpack-5.0.1/lib/action_dispatch/middleware/templates/rescues/_trace.html.erb
  Rendered /Users/Mac/.rvm/gems/ruby-2.3.0/gems/actionpack-5.0.1/lib/action_dispatch/middleware/templates/rescues/_trace.html.erb (5.1ms)
  Rendering /Users/Mac/.rvm/gems/ruby-2.3.0/gems/actionpack-5.0.1/lib/action_dispatch/middleware/templates/rescues/_request_and_response.html.erb
  Rendered /Users/Mac/.rvm/gems/ruby-2.3.0/gems/actionpack-5.0.1/lib/action_dispatch/middleware/templates/rescues/_request_and_response.html.erb (1.4ms)
  Rendered /Users/Mac/.rvm/gems/ruby-2.3.0/gems/actionpack-5.0.1/lib/action_dispatch/middleware/templates/rescues/diagnostics.html.erb within rescues/layout (119.6ms)
Started GET "/posts/new" for ::1 at 2017-01-22 13:10:47 -0600
Processing by PostsController#new as HTML
  Rendering posts/new.html.erb within layouts/application
  Rendered posts/_form.html.erb (1.7ms)
  Rendered posts/new.html.erb within layouts/application (5.0ms)
Completed 500 Internal Server Error in 14ms (ActiveRecord: 0.0ms)


  
SyntaxError (/Users/Mac/Documents/Rails_practices/OurDiaryApp/app/views/posts/_form.html.erb:25: syntax error, unexpected tLABEL, expecting '='
...ffer.append=( f.submit , class:"btn-md btn-primary" );@outpu...
...                               ^):
  
app/views/posts/_form.html.erb:25: syntax error, unexpected tLABEL, expecting '='
app/views/posts/new.html.erb:3:in `_app_views_posts_new_html_erb__1437683933426656541_70233350282020'
  Rendering /Users/Mac/.rvm/gems/ruby-2.3.0/gems/actionpack-5.0.1/lib/action_dispatch/middleware/templates/rescues/diagnostics.html.erb within rescues/layout
  Rendering /Users/Mac/.rvm/gems/ruby-2.3.0/gems/actionpack-5.0.1/lib/action_dispatch/middleware/templates/rescues/_source.html.erb
  Rendered /Users/Mac/.rvm/gems/ruby-2.3.0/gems/actionpack-5.0.1/lib/action_dispatch/middleware/templates/rescues/_source.html.erb (8.9ms)
  Rendering /Users/Mac/.rvm/gems/ruby-2.3.0/gems/actionpack-5.0.1/lib/action_dispatch/middleware/templates/rescues/_trace.html.erb
  Rendered /Users/Mac/.rvm/gems/ruby-2.3.0/gems/actionpack-5.0.1/lib/action_dispatch/middleware/templates/rescues/_trace.html.erb (3.5ms)
  Rendering /Users/Mac/.rvm/gems/ruby-2.3.0/gems/actionpack-5.0.1/lib/action_dispatch/middleware/templates/rescues/_request_and_response.html.erb
  Rendered /Users/Mac/.rvm/gems/ruby-2.3.0/gems/actionpack-5.0.1/lib/action_dispatch/middleware/templates/rescues/_request_and_response.html.erb (1.2ms)
  Rendered /Users/Mac/.rvm/gems/ruby-2.3.0/gems/actionpack-5.0.1/lib/action_dispatch/middleware/templates/rescues/diagnostics.html.erb within rescues/layout (105.4ms)
Started GET "/posts/new" for ::1 at 2017-01-22 13:11:05 -0600
Processing by PostsController#new as HTML
  Rendering posts/new.html.erb within layouts/application
  Rendered posts/_form.html.erb (1.4ms)
  Rendered posts/new.html.erb within layouts/application (4.1ms)
Completed 500 Internal Server Error in 12ms (ActiveRecord: 0.0ms)


  
SyntaxError (/Users/Mac/Documents/Rails_practices/OurDiaryApp/app/views/posts/_form.html.erb:25: syntax error, unexpected tLABEL, expecting '='
...ffer.append=( f.submit , class:"btn btn-primary" );@output_b...
...                               ^):
  
app/views/posts/_form.html.erb:25: syntax error, unexpected tLABEL, expecting '='
app/views/posts/new.html.erb:3:in `_app_views_posts_new_html_erb__1437683933426656541_70233386100900'
  Rendering /Users/Mac/.rvm/gems/ruby-2.3.0/gems/actionpack-5.0.1/lib/action_dispatch/middleware/templates/rescues/diagnostics.html.erb within rescues/layout
  Rendering /Users/Mac/.rvm/gems/ruby-2.3.0/gems/actionpack-5.0.1/lib/action_dispatch/middleware/templates/rescues/_source.html.erb
  Rendered /Users/Mac/.rvm/gems/ruby-2.3.0/gems/actionpack-5.0.1/lib/action_dispatch/middleware/templates/rescues/_source.html.erb (8.9ms)
  Rendering /Users/Mac/.rvm/gems/ruby-2.3.0/gems/actionpack-5.0.1/lib/action_dispatch/middleware/templates/rescues/_trace.html.erb
  Rendered /Users/Mac/.rvm/gems/ruby-2.3.0/gems/actionpack-5.0.1/lib/action_dispatch/middleware/templates/rescues/_trace.html.erb (3.4ms)
  Rendering /Users/Mac/.rvm/gems/ruby-2.3.0/gems/actionpack-5.0.1/lib/action_dispatch/middleware/templates/rescues/_request_and_response.html.erb
  Rendered /Users/Mac/.rvm/gems/ruby-2.3.0/gems/actionpack-5.0.1/lib/action_dispatch/middleware/templates/rescues/_request_and_response.html.erb (1.2ms)
  Rendered /Users/Mac/.rvm/gems/ruby-2.3.0/gems/actionpack-5.0.1/lib/action_dispatch/middleware/templates/rescues/diagnostics.html.erb within rescues/layout (109.5ms)
Started GET "/posts/new" for ::1 at 2017-01-22 13:11:25 -0600
Processing by PostsController#new as HTML
  Rendering posts/new.html.erb within layouts/application
  Rendered posts/_form.html.erb (2.8ms)
  Rendered posts/new.html.erb within layouts/application (5.9ms)
  Rendered pages/_header.html.erb (0.8ms)
Completed 200 OK in 66ms (Views: 62.7ms | ActiveRecord: 0.0ms)


Started GET "/posts" for ::1 at 2017-01-22 13:22:46 -0600
Processing by PostsController#index as HTML
  Rendering posts/index.html.erb within layouts/application
  [1m[36mPost Load (0.4ms)[0m  [1m[34mSELECT "posts".* FROM "posts"[0m
  Rendered posts/index.html.erb within layouts/application (3.0ms)
  Rendered pages/_header.html.erb (0.8ms)
Completed 200 OK in 108ms (Views: 102.8ms | ActiveRecord: 0.4ms)


Started GET "/posts/new" for ::1 at 2017-01-22 13:22:48 -0600
Processing by PostsController#new as HTML
  Rendering posts/new.html.erb within layouts/application
  Rendered posts/_form.html.erb (6.1ms)
  Rendered posts/new.html.erb within layouts/application (12.8ms)
  Rendered pages/_header.html.erb (0.8ms)
Completed 200 OK in 98ms (Views: 94.7ms | ActiveRecord: 0.0ms)


Started POST "/posts" for ::1 at 2017-01-22 13:23:10 -0600
Processing by PostsController#create as HTML
  Parameters: {"utf8"=>"✓", "authenticity_token"=>"K4082JNnRlExUZH4CuB21lzFESdWeHWwrpEl0Auh2mWWDRSk1Z0hhoLsW7vCjvyi+RTefkBxY2J7dTTkdJoPBA==", "post"=>{"title"=>"First Post", "body"=>"Hello , this is the first post."}, "commit"=>"Submit Post"}
  [1m[35m (0.1ms)[0m  [1m[36mbegin transaction[0m
  [1m[35mSQL (20.4ms)[0m  [1m[32mINSERT INTO "posts" ("title", "body", "created_at", "updated_at") VALUES (?, ?, ?, ?)[0m  [["title", "First Post"], ["body", "Hello , this is the first post."], ["created_at", 2017-01-22 19:23:10 UTC], ["updated_at", 2017-01-22 19:23:10 UTC]]
  [1m[35m (2.9ms)[0m  [1m[36mcommit transaction[0m
Redirected to http://localhost:3000/posts/1
Completed 302 Found in 72ms (ActiveRecord: 23.4ms)


Started GET "/posts/1" for ::1 at 2017-01-22 13:23:11 -0600
Processing by PostsController#show as HTML
  Parameters: {"id"=>"1"}
  [1m[36mPost Load (0.4ms)[0m  [1m[34mSELECT  "posts".* FROM "posts" WHERE "posts"."id" = ? LIMIT ?[0m  [["id", 1], ["LIMIT", 1]]
  Rendering posts/show.html.erb within layouts/application
  Rendered posts/show.html.erb within layouts/application (1.2ms)
  Rendered pages/_header.html.erb (1.2ms)
Completed 200 OK in 89ms (Views: 54.2ms | ActiveRecord: 0.4ms)


Started GET "/posts/1" for ::1 at 2017-01-22 13:24:33 -0600
Processing by PostsController#show as HTML
  Parameters: {"id"=>"1"}
  [1m[36mPost Load (0.3ms)[0m  [1m[34mSELECT  "posts".* FROM "posts" WHERE "posts"."id" = ? LIMIT ?[0m  [["id", 1], ["LIMIT", 1]]
  Rendering posts/show.html.erb within layouts/application
  Rendered posts/show.html.erb within layouts/application (1.6ms)
  Rendered pages/_header.html.erb (0.8ms)
Completed 200 OK in 60ms (Views: 56.4ms | ActiveRecord: 0.3ms)


Started GET "/posts" for ::1 at 2017-01-22 13:24:36 -0600
Processing by PostsController#index as HTML
  Rendering posts/index.html.erb within layouts/application
  [1m[36mPost Load (0.4ms)[0m  [1m[34mSELECT "posts".* FROM "posts"[0m
  Rendered posts/index.html.erb within layouts/application (3.9ms)
  Rendered pages/_header.html.erb (0.8ms)
Completed 200 OK in 80ms (Views: 76.5ms | ActiveRecord: 0.4ms)


Started GET "/posts/1" for ::1 at 2017-01-22 13:24:50 -0600
Processing by PostsController#show as HTML
  Parameters: {"id"=>"1"}
  [1m[36mPost Load (0.3ms)[0m  [1m[34mSELECT  "posts".* FROM "posts" WHERE "posts"."id" = ? LIMIT ?[0m  [["id", 1], ["LIMIT", 1]]
  Rendering posts/show.html.erb within layouts/application
  Rendered posts/show.html.erb within layouts/application (1.9ms)
  Rendered pages/_header.html.erb (0.8ms)
Completed 200 OK in 96ms (Views: 88.5ms | ActiveRecord: 0.3ms)


Started GET "/posts" for ::1 at 2017-01-22 13:24:52 -0600
Processing by PostsController#index as HTML
  Rendering posts/index.html.erb within layouts/application
  [1m[36mPost Load (0.4ms)[0m  [1m[34mSELECT "posts".* FROM "posts"[0m
  Rendered posts/index.html.erb within layouts/application (5.1ms)
  Rendered pages/_header.html.erb (1.0ms)
Completed 200 OK in 93ms (Views: 88.7ms | ActiveRecord: 0.4ms)


Started GET "/posts" for ::1 at 2017-01-22 13:25:57 -0600
Processing by PostsController#index as HTML
  Rendering posts/index.html.erb within layouts/application
  [1m[36mPost Load (0.2ms)[0m  [1m[34mSELECT "posts".* FROM "posts"[0m
  Rendered posts/index.html.erb within layouts/application (2.2ms)
  Rendered pages/_header.html.erb (0.8ms)
Completed 200 OK in 70ms (Views: 66.4ms | ActiveRecord: 0.2ms)


Started GET "/posts" for ::1 at 2017-01-22 13:26:00 -0600
Processing by PostsController#index as HTML
  Rendering posts/index.html.erb within layouts/application
  [1m[36mPost Load (0.3ms)[0m  [1m[34mSELECT "posts".* FROM "posts"[0m
  Rendered posts/index.html.erb within layouts/application (2.3ms)
  Rendered pages/_header.html.erb (0.9ms)
Completed 200 OK in 62ms (Views: 59.2ms | ActiveRecord: 0.2ms)


Started GET "/posts/new" for ::1 at 2017-01-22 13:26:03 -0600
Processing by PostsController#new as HTML
  Rendering posts/new.html.erb within layouts/application
  Rendered posts/_form.html.erb (5.7ms)
  Rendered posts/new.html.erb within layouts/application (10.6ms)
  Rendered pages/_header.html.erb (0.9ms)
Completed 200 OK in 80ms (Views: 74.8ms | ActiveRecord: 0.0ms)


Started GET "/posts" for ::1 at 2017-01-22 13:26:05 -0600
Processing by PostsController#index as HTML
  Rendering posts/index.html.erb within layouts/application
  [1m[36mPost Load (0.3ms)[0m  [1m[34mSELECT "posts".* FROM "posts"[0m
  Rendered posts/index.html.erb within layouts/application (3.5ms)
  Rendered pages/_header.html.erb (0.8ms)
Completed 200 OK in 98ms (Views: 94.5ms | ActiveRecord: 0.3ms)


Started GET "/posts/1" for ::1 at 2017-01-22 13:26:09 -0600
Processing by PostsController#show as HTML
  Parameters: {"id"=>"1"}
  [1m[36mPost Load (0.2ms)[0m  [1m[34mSELECT  "posts".* FROM "posts" WHERE "posts"."id" = ? LIMIT ?[0m  [["id", 1], ["LIMIT", 1]]
  Rendering posts/show.html.erb within layouts/application
  Rendered posts/show.html.erb within layouts/application (1.2ms)
  Rendered pages/_header.html.erb (0.7ms)
Completed 200 OK in 61ms (Views: 57.0ms | ActiveRecord: 0.2ms)


Started GET "/posts" for ::1 at 2017-01-22 13:26:11 -0600
Processing by PostsController#index as HTML
  Rendering posts/index.html.erb within layouts/application
  [1m[36mPost Load (0.4ms)[0m  [1m[34mSELECT "posts".* FROM "posts"[0m
  Rendered posts/index.html.erb within layouts/application (3.1ms)
  Rendered pages/_header.html.erb (0.9ms)
Completed 200 OK in 80ms (Views: 76.0ms | ActiveRecord: 0.4ms)


Started GET "/posts" for ::1 at 2017-01-22 13:26:48 -0600
Processing by PostsController#index as HTML
  Rendering posts/index.html.erb within layouts/application
  [1m[36mPost Load (0.2ms)[0m  [1m[34mSELECT "posts".* FROM "posts"[0m
  Rendered posts/index.html.erb within layouts/application (2.1ms)
  Rendered pages/_header.html.erb (0.8ms)
Completed 200 OK in 60ms (Views: 56.3ms | ActiveRecord: 0.2ms)


Started GET "/posts" for ::1 at 2017-01-22 13:27:50 -0600
Processing by PostsController#index as HTML
  Rendering posts/index.html.erb within layouts/application
  [1m[36mPost Load (0.2ms)[0m  [1m[34mSELECT "posts".* FROM "posts"[0m
  Rendered posts/index.html.erb within layouts/application (2.3ms)
  Rendered pages/_header.html.erb (0.9ms)
Completed 200 OK in 70ms (Views: 65.4ms | ActiveRecord: 0.2ms)


Started GET "/posts" for ::1 at 2017-01-22 13:30:28 -0600
Processing by PostsController#index as HTML
  Rendering posts/index.html.erb within layouts/application
  [1m[36mPost Load (0.2ms)[0m  [1m[34mSELECT "posts".* FROM "posts"[0m
  Rendered posts/index.html.erb within layouts/application (2.5ms)
  Rendered pages/_header.html.erb (0.9ms)
Completed 200 OK in 3091ms (Views: 3087.8ms | ActiveRecord: 0.2ms)


Started GET "/posts" for ::1 at 2017-01-22 13:30:47 -0600
Processing by PostsController#index as HTML
  Rendering posts/index.html.erb within layouts/application
  [1m[36mPost Load (0.6ms)[0m  [1m[34mSELECT "posts".* FROM "posts"[0m
  Rendered posts/index.html.erb within layouts/application (4.0ms)
  Rendered pages/_header.html.erb (0.8ms)
Completed 200 OK in 3039ms (Views: 3035.0ms | ActiveRecord: 0.6ms)


Started GET "/posts" for ::1 at 2017-01-22 13:34:36 -0600
Processing by PostsController#index as HTML
  Rendering posts/index.html.erb within layouts/application
  [1m[36mPost Load (0.2ms)[0m  [1m[34mSELECT "posts".* FROM "posts"[0m
  Rendered posts/index.html.erb within layouts/application (2.7ms)
  Rendered pages/_header.html.erb (0.8ms)
Completed 200 OK in 91ms (Views: 87.7ms | ActiveRecord: 0.2ms)


Started GET "/posts" for ::1 at 2017-01-22 13:35:27 -0600
Processing by PostsController#index as HTML
  Rendering posts/index.html.erb within layouts/application
  [1m[36mPost Load (0.3ms)[0m  [1m[34mSELECT "posts".* FROM "posts"[0m
  Rendered posts/index.html.erb within layouts/application (2.3ms)
  Rendered pages/_header.html.erb (1.2ms)
Completed 200 OK in 79ms (Views: 75.0ms | ActiveRecord: 0.3ms)


Started GET "/posts" for ::1 at 2017-01-22 13:36:50 -0600
Processing by PostsController#index as HTML
  Rendering posts/index.html.erb within layouts/application
  [1m[36mPost Load (0.3ms)[0m  [1m[34mSELECT "posts".* FROM "posts"[0m
  Rendered posts/index.html.erb within layouts/application (2.4ms)
  Rendered pages/_header.html.erb (0.9ms)
Completed 200 OK in 2988ms (Views: 2984.8ms | ActiveRecord: 0.3ms)


Started GET "/posts" for ::1 at 2017-01-22 13:45:07 -0600
Processing by PostsController#index as HTML
  Rendering posts/index.html.erb within layouts/application
  [1m[36mPost Load (0.4ms)[0m  [1m[34mSELECT "posts".* FROM "posts"[0m
  Rendered posts/index.html.erb within layouts/application (2.9ms)
  Rendered pages/_header.html.erb (0.9ms)
Completed 200 OK in 70ms (Views: 66.8ms | ActiveRecord: 0.4ms)


Started GET "/posts" for ::1 at 2017-01-22 13:45:09 -0600
Processing by PostsController#index as HTML
  Rendering posts/index.html.erb within layouts/application
  [1m[36mPost Load (0.4ms)[0m  [1m[34mSELECT "posts".* FROM "posts"[0m
  Rendered posts/index.html.erb within layouts/application (3.0ms)
  Rendered pages/_header.html.erb (1.0ms)
Completed 200 OK in 78ms (Views: 74.6ms | ActiveRecord: 0.4ms)


Started GET "/posts/new" for ::1 at 2017-01-22 13:45:15 -0600
Processing by PostsController#new as HTML
  Rendering posts/new.html.erb within layouts/application
  Rendered posts/_form.html.erb (5.5ms)
  Rendered posts/new.html.erb within layouts/application (9.5ms)
  Rendered pages/_header.html.erb (0.8ms)
Completed 200 OK in 80ms (Views: 77.3ms | ActiveRecord: 0.0ms)


Started GET "/posts" for ::1 at 2017-01-22 13:45:24 -0600
Processing by PostsController#index as HTML
  Rendering posts/index.html.erb within layouts/application
  [1m[36mPost Load (0.4ms)[0m  [1m[34mSELECT "posts".* FROM "posts"[0m
  Rendered posts/index.html.erb within layouts/application (3.5ms)
  Rendered pages/_header.html.erb (0.9ms)
Completed 200 OK in 88ms (Views: 82.9ms | ActiveRecord: 0.4ms)


Started GET "/posts" for ::1 at 2017-01-22 13:47:14 -0600
Processing by PostsController#index as HTML
  Rendering posts/index.html.erb within layouts/application
  [1m[36mPost Load (0.2ms)[0m  [1m[34mSELECT "posts".* FROM "posts"[0m
  Rendered posts/index.html.erb within layouts/application (1.9ms)
  Rendered pages/_header.html.erb (0.9ms)
Completed 200 OK in 66ms (Views: 63.0ms | ActiveRecord: 0.2ms)


Started GET "/posts" for ::1 at 2017-01-22 13:48:19 -0600
Processing by PostsController#index as HTML
  Rendering posts/index.html.erb within layouts/application
  [1m[36mPost Load (0.3ms)[0m  [1m[34mSELECT "posts".* FROM "posts"[0m
  Rendered posts/index.html.erb within layouts/application (2.2ms)
  Rendered pages/_header.html.erb (0.8ms)
Completed 200 OK in 68ms (Views: 64.6ms | ActiveRecord: 0.3ms)


Started GET "/posts" for ::1 at 2017-01-22 13:49:51 -0600
Processing by PostsController#index as HTML
  Rendering posts/index.html.erb within layouts/application
  [1m[36mPost Load (0.3ms)[0m  [1m[34mSELECT "posts".* FROM "posts"[0m
  Rendered posts/index.html.erb within layouts/application (2.0ms)
  Rendered pages/_header.html.erb (0.9ms)
Completed 200 OK in 123ms (Views: 120.0ms | ActiveRecord: 0.3ms)


Started GET "/posts" for ::1 at 2017-01-22 13:50:10 -0600
Processing by PostsController#index as HTML
  Rendering posts/index.html.erb within layouts/application
  [1m[36mPost Load (0.4ms)[0m  [1m[34mSELECT "posts".* FROM "posts"[0m
  Rendered posts/index.html.erb within layouts/application (2.1ms)
  Rendered pages/_header.html.erb (0.9ms)
Completed 200 OK in 3086ms (Views: 3083.0ms | ActiveRecord: 0.4ms)


Started GET "/posts" for ::1 at 2017-01-22 13:50:35 -0600
Processing by PostsController#index as HTML
  Rendering posts/index.html.erb within layouts/application
  [1m[36mPost Load (0.4ms)[0m  [1m[34mSELECT "posts".* FROM "posts"[0m
  Rendered posts/index.html.erb within layouts/application (2.5ms)
  Rendered pages/_header.html.erb (0.9ms)
Completed 200 OK in 61ms (Views: 58.4ms | ActiveRecord: 0.4ms)


Started GET "/posts" for ::1 at 2017-01-22 13:50:46 -0600
Processing by PostsController#index as HTML
  Rendering posts/index.html.erb within layouts/application
  [1m[36mPost Load (0.3ms)[0m  [1m[34mSELECT "posts".* FROM "posts"[0m
  Rendered posts/index.html.erb within layouts/application (1.9ms)
  Rendered pages/_header.html.erb (1.0ms)
Completed 200 OK in 66ms (Views: 62.7ms | ActiveRecord: 0.3ms)


Started GET "/posts" for ::1 at 2017-01-22 14:01:02 -0600
Processing by PostsController#index as HTML
  Rendering posts/index.html.erb within layouts/application
  [1m[36mPost Load (0.3ms)[0m  [1m[34mSELECT "posts".* FROM "posts"[0m
  Rendered posts/index.html.erb within layouts/application (2.6ms)
  Rendered pages/_header.html.erb (1.0ms)
Completed 200 OK in 80ms (Views: 73.7ms | ActiveRecord: 0.3ms)


Started GET "/posts" for ::1 at 2017-01-22 14:01:20 -0600
Processing by PostsController#index as HTML
  Rendering posts/index.html.erb within layouts/application
  [1m[36mPost Load (0.3ms)[0m  [1m[34mSELECT "posts".* FROM "posts"[0m
  Rendered posts/index.html.erb within layouts/application (2.2ms)
  Rendered pages/_header.html.erb (0.8ms)
Completed 200 OK in 65ms (Views: 61.9ms | ActiveRecord: 0.3ms)


Started GET "/posts" for ::1 at 2017-01-22 14:01:25 -0600
Processing by PostsController#index as HTML
  Rendering posts/index.html.erb within layouts/application
  [1m[36mPost Load (0.2ms)[0m  [1m[34mSELECT "posts".* FROM "posts"[0m
  Rendered posts/index.html.erb within layouts/application (1.8ms)
  Rendered pages/_header.html.erb (0.9ms)
Completed 200 OK in 59ms (Views: 56.7ms | ActiveRecord: 0.2ms)


Started GET "/posts" for ::1 at 2017-01-22 14:01:39 -0600
Processing by PostsController#index as HTML
  Rendering posts/index.html.erb within layouts/application
  [1m[36mPost Load (0.3ms)[0m  [1m[34mSELECT "posts".* FROM "posts"[0m
  Rendered posts/index.html.erb within layouts/application (2.9ms)
  Rendered pages/_header.html.erb (0.9ms)
Completed 200 OK in 73ms (Views: 68.2ms | ActiveRecord: 0.3ms)


Started GET "/posts/new" for ::1 at 2017-01-22 14:05:09 -0600
Processing by PostsController#new as HTML
  Rendering posts/new.html.erb within layouts/application
  Rendered posts/_form.html.erb (5.6ms)
  Rendered posts/new.html.erb within layouts/application (11.1ms)
  Rendered pages/_header.html.erb (0.9ms)
Completed 200 OK in 87ms (Views: 82.1ms | ActiveRecord: 0.0ms)


Started GET "/posts/new" for ::1 at 2017-01-22 14:05:13 -0600
Processing by PostsController#new as HTML
  Rendering posts/new.html.erb within layouts/application
  Rendered posts/_form.html.erb (4.2ms)
  Rendered posts/new.html.erb within layouts/application (8.5ms)
  Rendered pages/_header.html.erb (0.9ms)
Completed 200 OK in 92ms (Views: 87.1ms | ActiveRecord: 0.0ms)


Started POST "/posts" for ::1 at 2017-01-22 14:05:20 -0600
Processing by PostsController#create as HTML
  Parameters: {"utf8"=>"✓", "authenticity_token"=>"0viHVzkB7P+o6MnfBbWymuhFwS5NpvmsxGOsUR8dFxc67rj6jS2aml5g9KDa1LHd/Alkf5Wuoqtm092UcWNF+w==", "post"=>{"title"=>"Second Post", "body"=>"Hihihi"}, "commit"=>"Submit Post"}
  [1m[35m (0.2ms)[0m  [1m[36mbegin transaction[0m
  [1m[35mSQL (0.9ms)[0m  [1m[32mINSERT INTO "posts" ("title", "body", "created_at", "updated_at") VALUES (?, ?, ?, ?)[0m  [["title", "Second Post"], ["body", "Hihihi"], ["created_at", 2017-01-22 20:05:20 UTC], ["updated_at", 2017-01-22 20:05:20 UTC]]
  [1m[35m (3.1ms)[0m  [1m[36mcommit transaction[0m
Redirected to http://localhost:3000/posts/2
Completed 302 Found in 14ms (ActiveRecord: 4.2ms)


Started GET "/posts/2" for ::1 at 2017-01-22 14:05:20 -0600
Processing by PostsController#show as HTML
  Parameters: {"id"=>"2"}
  [1m[36mPost Load (0.4ms)[0m  [1m[34mSELECT  "posts".* FROM "posts" WHERE "posts"."id" = ? LIMIT ?[0m  [["id", 2], ["LIMIT", 1]]
  Rendering posts/show.html.erb within layouts/application
  Rendered posts/show.html.erb within layouts/application (3.2ms)
  Rendered pages/_header.html.erb (1.2ms)
Completed 200 OK in 111ms (Views: 102.6ms | ActiveRecord: 0.4ms)


Started GET "/posts/2" for ::1 at 2017-01-22 14:07:03 -0600
Processing by PostsController#show as HTML
  Parameters: {"id"=>"2"}
  [1m[36mPost Load (0.2ms)[0m  [1m[34mSELECT  "posts".* FROM "posts" WHERE "posts"."id" = ? LIMIT ?[0m  [["id", 2], ["LIMIT", 1]]
  Rendering posts/show.html.erb within layouts/application
  Rendered posts/show.html.erb within layouts/application (1.4ms)
  Rendered pages/_header.html.erb (0.8ms)
Completed 200 OK in 69ms (Views: 65.0ms | ActiveRecord: 0.2ms)


Started GET "/posts" for ::1 at 2017-01-22 14:07:06 -0600
Processing by PostsController#index as HTML
  Rendering posts/index.html.erb within layouts/application
  [1m[36mPost Load (0.4ms)[0m  [1m[34mSELECT "posts".* FROM "posts"[0m
  Rendered posts/index.html.erb within layouts/application (3.7ms)
  Rendered pages/_header.html.erb (0.9ms)
Completed 200 OK in 80ms (Views: 75.8ms | ActiveRecord: 0.4ms)


Started GET "/posts" for ::1 at 2017-01-22 14:08:15 -0600
Processing by PostsController#index as HTML
  Rendering posts/index.html.erb within layouts/application
  [1m[36mPost Load (0.3ms)[0m  [1m[34mSELECT "posts".* FROM "posts"[0m
  Rendered posts/index.html.erb within layouts/application (2.5ms)
  Rendered pages/_header.html.erb (1.2ms)
Completed 200 OK in 87ms (Views: 83.2ms | ActiveRecord: 0.3ms)


Started GET "/posts" for ::1 at 2017-01-22 14:08:16 -0600
Processing by PostsController#index as HTML
  Rendering posts/index.html.erb within layouts/application
  [1m[36mPost Load (0.4ms)[0m  [1m[34mSELECT "posts".* FROM "posts"[0m
  Rendered posts/index.html.erb within layouts/application (4.0ms)
  Rendered pages/_header.html.erb (1.0ms)
Completed 200 OK in 83ms (Views: 79.2ms | ActiveRecord: 0.4ms)


Started GET "/posts" for ::1 at 2017-01-22 14:08:16 -0600
Processing by PostsController#index as HTML
  Rendering posts/index.html.erb within layouts/application
  [1m[36mPost Load (0.7ms)[0m  [1m[34mSELECT "posts".* FROM "posts"[0m
  Rendered posts/index.html.erb within layouts/application (8.0ms)
  Rendered pages/_header.html.erb (1.1ms)
Completed 200 OK in 114ms (Views: 108.5ms | ActiveRecord: 0.7ms)


Started GET "/posts/new" for ::1 at 2017-01-22 14:08:20 -0600
Processing by PostsController#new as HTML
  Rendering posts/new.html.erb within layouts/application
  Rendered posts/_form.html.erb (5.7ms)
  Rendered posts/new.html.erb within layouts/application (11.9ms)
  Rendered pages/_header.html.erb (1.0ms)
Completed 200 OK in 92ms (Views: 87.9ms | ActiveRecord: 0.0ms)


Started GET "/posts" for ::1 at 2017-01-22 14:08:23 -0600
Processing by PostsController#index as HTML
  Rendering posts/index.html.erb within layouts/application
  [1m[36mPost Load (0.3ms)[0m  [1m[34mSELECT "posts".* FROM "posts"[0m
  Rendered posts/index.html.erb within layouts/application (3.0ms)
  Rendered pages/_header.html.erb (0.9ms)
Completed 200 OK in 126ms (Views: 121.3ms | ActiveRecord: 0.3ms)


Started GET "/posts/new" for ::1 at 2017-01-22 14:08:26 -0600
Processing by PostsController#new as HTML
  Rendering posts/new.html.erb within layouts/application
  Rendered posts/_form.html.erb (7.8ms)
  Rendered posts/new.html.erb within layouts/application (14.8ms)
  Rendered pages/_header.html.erb (0.9ms)
Completed 200 OK in 110ms (Views: 103.8ms | ActiveRecord: 0.0ms)


Started GET "/posts/new" for ::1 at 2017-01-22 14:09:11 -0600
Processing by PostsController#new as HTML
  Rendering posts/new.html.erb within layouts/application
  Rendered posts/_form.html.erb (3.3ms)
  Rendered posts/new.html.erb within layouts/application (7.3ms)
  Rendered pages/_header.html.erb (0.9ms)
Completed 200 OK in 75ms (Views: 71.5ms | ActiveRecord: 0.0ms)


